10/09/2018 07:23:50 PM - Error in Media class, store function:  - ERROR - '_id'
10/09/2018 07:25:03 PM - Error in Media class, store function:  - ERROR - '_id'
10/09/2018 07:26:53 PM - Error in Media class, store function:  - ERROR - '_id'
10/09/2018 07:30:15 PM - Error in Media class, store function:  - ERROR - '_id'
10/09/2018 07:37:52 PM - Error in Media class, store function:  - ERROR - '_id'
10/09/2018 07:37:52 PM - Error in Media class, store function:  - ERROR - '_id'
10/09/2018 07:37:53 PM - Error in Media class, store function:  - ERROR - '_id'
10/09/2018 07:37:53 PM - Error in Media class, store function:  - ERROR - '_id'
10/09/2018 07:37:53 PM - Error in Media class, store function:  - ERROR - '_id'
10/09/2018 07:37:53 PM - Error in Media class, store function:  - ERROR - '_id'
10/09/2018 07:37:53 PM - Error in Media class, store function:  - ERROR - '_id'
10/09/2018 07:37:53 PM - Error in Media class, store function:  - ERROR - '_id'
10/09/2018 07:37:53 PM - Error in Media class, store function:  - ERROR - '_id'
10/09/2018 07:37:53 PM - Error in Media class, store function:  - ERROR - '_id'
10/09/2018 07:37:54 PM - Error in getMovieData function:  - ERROR - 'Title'
10/09/2018 07:37:54 PM - Error in Media class, store function:  - ERROR - '_id'
10/09/2018 07:37:54 PM - Error in Media class, store function:  - ERROR - '_id'
10/09/2018 07:37:54 PM - Error in getMovieData function:  - ERROR - 'Title'
10/09/2018 07:37:54 PM - Error in getMovieData function:  - ERROR - 'Title'
10/09/2018 07:37:54 PM - Error in Media class, store function:  - ERROR - '_id'
10/09/2018 07:37:54 PM - Error in Media class, store function:  - ERROR - '_id'
10/09/2018 07:37:54 PM - Error in Media class, store function:  - ERROR - '_id'
10/09/2018 07:37:54 PM - Error in Media class, store function:  - ERROR - '_id'
10/09/2018 07:37:54 PM - Error in Media class, store function:  - ERROR - '_id'
10/09/2018 07:37:54 PM - Error in Media class, store function:  - ERROR - '_id'
10/09/2018 07:37:55 PM - Error in getMovieData function:  - ERROR - 'Title'
10/09/2018 07:37:55 PM - Error in Media class, store function:  - ERROR - '_id'
10/09/2018 07:37:55 PM - Error in Media class, store function:  - ERROR - '_id'
10/09/2018 07:37:55 PM - Error in Media class, store function:  - ERROR - '_id'
10/09/2018 07:37:55 PM - Error in getMovieData function:  - ERROR - 'Title'
10/09/2018 07:37:55 PM - Error in getMovieData function:  - ERROR - 'Title'
10/09/2018 07:37:55 PM - Error in Media class, store function:  - ERROR - '_id'
10/09/2018 07:37:55 PM - Error in Media class, store function:  - ERROR - '_id'
10/09/2018 07:37:55 PM - Error in Media class, store function:  - ERROR - '_id'
10/09/2018 07:37:55 PM - Error in Media class, store function:  - ERROR - '_id'
10/09/2018 07:37:55 PM - Error in Media class, store function:  - ERROR - '_id'
10/09/2018 07:37:56 PM - Error in Media class, store function:  - ERROR - '_id'
10/09/2018 07:37:56 PM - Error in Media class, store function:  - ERROR - '_id'
10/09/2018 07:37:56 PM - Error in Media class, store function:  - ERROR - '_id'
10/09/2018 07:37:56 PM - Error in getMovieData function:  - ERROR - 'Title'
10/09/2018 07:37:56 PM - Error in Media class, store function:  - ERROR - '_id'
10/09/2018 07:37:56 PM - Error in getMovieData function:  - ERROR - 'Title'
10/09/2018 07:37:56 PM - Error in Media class, store function:  - ERROR - '_id'
10/09/2018 07:37:56 PM - Error in getMovieData function:  - ERROR - 'Title'
10/09/2018 07:37:56 PM - Error in Media class, store function:  - ERROR - '_id'
10/09/2018 07:37:57 PM - Error in Media class, store function:  - ERROR - '_id'
10/09/2018 07:37:57 PM - Error in getMovieData function:  - ERROR - 'Title'
10/09/2018 07:37:57 PM - Error in getMovieData function:  - ERROR - 'Title'
10/09/2018 07:39:28 PM - Error in Media class, store function:  - ERROR - '_id'
10/09/2018 07:40:24 PM - Error in Media class, store function:  - ERROR - '_id'
10/09/2018 07:43:41 PM - Error in Media class, store function:  - ERROR - '_id'
10/09/2018 07:47:50 PM - Error in getMovieData function:  - ERROR - 'Title'
10/09/2018 07:47:50 PM - Error in getMovieData function:  - ERROR - 'Title'
10/09/2018 07:47:50 PM - Error in getMovieData function:  - ERROR - 'Title'
10/09/2018 07:47:51 PM - Error in getMovieData function:  - ERROR - 'Title'
10/09/2018 07:47:51 PM - Error in getMovieData function:  - ERROR - 'Title'
10/09/2018 07:47:52 PM - Error in getMovieData function:  - ERROR - 'Title'
10/09/2018 07:47:54 PM - Error in getMovieData function:  - ERROR - 'Title'
10/09/2018 07:47:54 PM - Error in getMovieData function:  - ERROR - 'Title'
10/09/2018 07:47:55 PM - Error in getMovieData function:  - ERROR - 'Title'
10/09/2018 07:47:55 PM - Error in getMovieData function:  - ERROR - 'Title'
10/09/2018 07:47:55 PM - Error in getMovieData function:  - ERROR - 'Title'
10/09/2018 07:47:56 PM - Error in getMovieData function:  - ERROR - 'Title'
10/09/2018 07:48:14 PM - Error in getMovieData function:  - ERROR - 'Title'
10/09/2018 07:48:16 PM - Error in getMovieData function:  - ERROR - 'Title'
10/09/2018 07:48:16 PM - Error in getMovieData function:  - ERROR - 'Title'
10/09/2018 07:48:18 PM - Error in getMovieData function:  - ERROR - 'Title'
10/09/2018 07:48:18 PM - Error in getMovieData function:  - ERROR - 'Title'
10/09/2018 07:48:23 PM - Error in getMovieData function:  - ERROR - 'Title'
10/09/2018 07:48:23 PM - Error in getMovieData function:  - ERROR - 'Title'
10/09/2018 07:48:25 PM - Error in getMovieData function:  - ERROR - 'Title'
10/09/2018 07:48:26 PM - Error in getMovieData function:  - ERROR - 'Title'
10/09/2018 07:48:26 PM - Error in getMovieData function:  - ERROR - 'Title'
10/09/2018 07:48:26 PM - Error in getMovieData function:  - ERROR - 'Title'
10/09/2018 07:48:27 PM - Error in getMovieData function:  - ERROR - 'Title'
10/09/2018 07:48:27 PM - Error in getMovieData function:  - ERROR - 'Title'
10/09/2018 07:48:29 PM - Error in getMovieData function:  - ERROR - 'Title'
10/09/2018 07:48:29 PM - Error in getMovieData function:  - ERROR - 'Title'
10/09/2018 07:48:30 PM - Error in getMovieData function:  - ERROR - 'Title'
10/09/2018 07:48:31 PM - Error in getMovieData function:  - ERROR - 'Title'
10/09/2018 07:48:32 PM - Error in getMovieData function:  - ERROR - 'Title'
10/09/2018 07:48:33 PM - Error in getMovieData function:  - ERROR - 'Title'
10/09/2018 07:48:34 PM - Error in getMovieData function:  - ERROR - 'Title'
10/09/2018 07:48:34 PM - Error in getMovieData function:  - ERROR - 'Title'
10/09/2018 07:48:34 PM - Error in getMovieData function:  - ERROR - 'Title'
10/09/2018 07:48:34 PM - Error in getMovieData function:  - ERROR - 'Title'
10/09/2018 07:48:34 PM - Error in getMovieData function:  - ERROR - 'Title'
10/09/2018 07:48:35 PM - Error in getMovieData function:  - ERROR - 'Title'
10/09/2018 07:48:35 PM - Error in getMovieData function:  - ERROR - 'Title'
10/09/2018 07:48:37 PM - Error in getMovieData function:  - ERROR - 'Title'
10/09/2018 07:48:37 PM - Error in getMovieData function:  - ERROR - 'Title'
10/09/2018 07:48:37 PM - Error in getMovieData function:  - ERROR - 'Title'
10/09/2018 07:48:41 PM - Error in getMovieData function:  - ERROR - 'Title'
10/09/2018 07:48:41 PM - Error in getMovieData function:  - ERROR - 'Title'
10/09/2018 07:48:42 PM - Error in getMovieData function:  - ERROR - 'Title'
10/09/2018 07:48:43 PM - Error in getMovieData function:  - ERROR - 'Title'
10/09/2018 07:48:43 PM - Error in getMovieData function:  - ERROR - 'Title'
10/09/2018 07:48:45 PM - Error in getMovieData function:  - ERROR - 'Title'
10/09/2018 07:48:45 PM - Error in getMovieData function:  - ERROR - 'Title'
10/09/2018 07:48:46 PM - Error in getMovieData function:  - ERROR - 'Title'
10/09/2018 07:48:46 PM - Error in getMovieData function:  - ERROR - 'Title'
10/09/2018 07:48:46 PM - Error in getMovieData function:  - ERROR - 'Title'
10/09/2018 07:48:47 PM - Error in getMovieData function:  - ERROR - 'Title'
10/09/2018 07:48:47 PM - Error in getMovieData function:  - ERROR - 'Title'
10/09/2018 07:48:47 PM - Error in getMovieData function:  - ERROR - 'Title'
10/09/2018 07:48:47 PM - Error in getMovieData function:  - ERROR - 'Title'
10/09/2018 07:48:47 PM - Error in getMovieData function:  - ERROR - 'Title'
10/09/2018 07:48:48 PM - Error in getMovieData function:  - ERROR - 'Title'
10/09/2018 07:48:48 PM - Error in getMovieData function:  - ERROR - 'Title'
10/09/2018 07:48:50 PM - Error in getMovieData function:  - ERROR - 'Title'
10/09/2018 07:48:50 PM - Error in getMovieData function:  - ERROR - 'Title'
10/09/2018 07:48:51 PM - Error in getMovieData function:  - ERROR - 'Title'
10/09/2018 07:48:51 PM - Error in getMovieData function:  - ERROR - 'Title'
10/09/2018 07:48:53 PM - Error in getMovieData function:  - ERROR - 'Title'
10/09/2018 07:48:53 PM - Error in getMovieData function:  - ERROR - 'Title'
10/09/2018 07:48:53 PM - Error in getMovieData function:  - ERROR - 'Title'
10/09/2018 07:48:54 PM - Error in getMovieData function:  - ERROR - 'Title'
10/09/2018 07:48:55 PM - Error in getMovieData function:  - ERROR - 'Title'
10/09/2018 07:48:56 PM - Error in getMovieData function:  - ERROR - 'Title'
10/09/2018 07:48:56 PM - Error in getMovieData function:  - ERROR - 'Title'
10/09/2018 07:48:57 PM - Error in getMovieData function:  - ERROR - 'Title'
10/09/2018 07:48:57 PM - Error in getMovieData function:  - ERROR - 'Title'
10/09/2018 07:48:58 PM - Error in getMovieData function:  - ERROR - 'Title'
10/09/2018 07:49:01 PM - Error in getMovieData function:  - ERROR - 'Title'
10/09/2018 07:49:06 PM - Error in getMovieData function:  - ERROR - 'Title'
10/09/2018 07:49:07 PM - Error in getMovieData function:  - ERROR - 'Title'
10/09/2018 07:49:09 PM - Error in getMovieData function:  - ERROR - 'Title'
10/09/2018 07:49:09 PM - Error in getMovieData function:  - ERROR - 'Title'
10/09/2018 07:49:11 PM - Error in getMovieData function:  - ERROR - 'Title'
10/09/2018 07:49:17 PM - Error in getMovieData function:  - ERROR - 'Title'
10/09/2018 07:49:17 PM - Error in getMovieData function:  - ERROR - 'Title'
10/09/2018 07:49:18 PM - Error in getMovieData function:  - ERROR - 'Title'
10/09/2018 07:49:18 PM - Error in getMovieData function:  - ERROR - 'Title'
10/09/2018 07:49:18 PM - Error in getMovieData function:  - ERROR - 'Title'
10/09/2018 07:49:18 PM - Error in getMovieData function:  - ERROR - 'Title'
10/09/2018 07:49:21 PM - Error in getMovieData function:  - ERROR - 'Title'
10/09/2018 07:49:21 PM - Error in getMovieData function:  - ERROR - 'Title'
10/09/2018 07:49:22 PM - Error in getMovieData function:  - ERROR - 'Title'
10/09/2018 07:49:23 PM - Error in getMovieData function:  - ERROR - 'Title'
10/09/2018 07:49:24 PM - Error in getMovieData function:  - ERROR - 'Title'
10/09/2018 07:49:24 PM - Error in getMovieData function:  - ERROR - 'Title'
10/09/2018 07:49:26 PM - Error in getMovieData function:  - ERROR - 'Title'
10/09/2018 07:49:27 PM - Error in getMovieData function:  - ERROR - 'Title'
10/09/2018 07:49:28 PM - Error in getMovieData function:  - ERROR - 'Title'
10/09/2018 07:49:28 PM - Error in getMovieData function:  - ERROR - 'Title'
10/09/2018 08:38:36 PM - Error in Media class, retrieve function:  - ERROR - dump() missing 1 required positional argument: 'fp'
10/09/2018 09:13:56 PM - Error in Media class, reload function:  - ERROR - Object of type 'UpdateResult' is not JSON serializable
10/09/2018 09:19:53 PM - Error in Media class, retrieve function:  - ERROR - 'str' object has no attribute '_id'
10/09/2018 09:25:21 PM - Error in Media class, retrieve function:  - ERROR - 'Cursor' object has no attribute '_id'
10/09/2018 09:28:12 PM - Error in Media class, retrieve function:  - ERROR - string indices must be integers
10/09/2018 09:55:37 PM - Error in Media class, retrieve function:  - ERROR - 'Collection' object is not callable. If you meant to call the 'findAll' method on a 'Collection' object it is failing because no such method exists.
10/10/2018 07:27:04 AM - Error in Media class, retrieve function:  - ERROR - 'dict' object has no attribute 'pretty'
